2025-10-05 23:44:07,644 [ERROR] âš ï¸ PaddleOCR failed: No module named 'paddle'. Falling back to MangaOCR/EasyOCR.
2025-10-05 23:44:15,806 [INFO] âœ… Using MangaOCR for text validation.
2025-10-05 23:44:15,807 [INFO] ğŸ” Found 7 images in C:\Users\abdoh\Downloads\1
2025-10-05 23:44:23,171 [INFO] âœ… 01.jpg: 13 valid bubbles found.
2025-10-05 23:44:31,521 [INFO] âœ… 02.jpg: 15 valid bubbles found.
2025-10-05 23:44:40,739 [INFO] âœ… 03.jpg: 17 valid bubbles found.
2025-10-05 23:44:52,852 [INFO] âœ… 04.jpg: 21 valid bubbles found.
2025-10-05 23:45:03,120 [INFO] âœ… 05.jpg: 17 valid bubbles found.
2025-10-05 23:45:13,762 [INFO] âœ… 06.jpg: 14 valid bubbles found.
2025-10-05 23:45:16,071 [INFO] âœ… 07.jpg: 1 valid bubbles found.
2025-10-05 23:45:16,076 [INFO] ğŸ’¾ Saved all bubble data to: C:\Users\abdoh\Downloads\1\cleaned\all_bubbles.json
2025-10-05 23:45:16,076 [INFO] ğŸš€ Launching Photoshop for text writing...
2025-10-05 23:45:16,403 [ERROR] âŒ Failed to run Photoshop JSX: Command '"C:\Program Files\Adobe\Adobe Photoshop CC 2019\Photoshop.exe" -r "C:\Users\abdoh\Downloads\testScript\scripts\script.jsx"' returned non-zero exit status 1.
2025-10-05 23:45:16,404 [INFO] === ğŸ Finished detector script ===
