2025-10-05 23:41:56,725 [ERROR] âš ï¸ PaddleOCR failed: No module named 'paddle'. Falling back to MangaOCR/EasyOCR.
2025-10-05 23:42:04,697 [INFO] âœ… Using MangaOCR for text validation.
2025-10-05 23:42:04,698 [INFO] ğŸ” Found 7 images in C:\Users\abdoh\Downloads\1
2025-10-05 23:42:13,074 [INFO] âœ… 01.jpg: 13 valid bubbles found.
2025-10-05 23:42:22,818 [INFO] âœ… 02.jpg: 15 valid bubbles found.
2025-10-05 23:42:33,293 [INFO] âœ… 03.jpg: 17 valid bubbles found.
2025-10-05 23:42:47,526 [INFO] âœ… 04.jpg: 21 valid bubbles found.
2025-10-05 23:42:57,388 [INFO] âœ… 05.jpg: 17 valid bubbles found.
2025-10-05 23:43:05,734 [INFO] âœ… 06.jpg: 14 valid bubbles found.
2025-10-05 23:43:07,428 [INFO] âœ… 07.jpg: 1 valid bubbles found.
2025-10-05 23:43:07,433 [INFO] ğŸ’¾ Saved all bubble data to: C:\Users\abdoh\Downloads\1\cleaned\all_bubbles.json
2025-10-05 23:43:07,433 [INFO] ğŸš€ Launching Photoshop for text writing...
2025-10-05 23:43:07,677 [ERROR] âŒ Failed to run Photoshop JSX: Command '"C:\Program Files\Adobe\Adobe Photoshop CC 2019\Photoshop.exe" -r "C:\Users\abdoh\Downloads\testScript\scripts\script.jsx"' returned non-zero exit status 1.
2025-10-05 23:43:07,677 [INFO] === ğŸ Finished detector script ===
